<?xml version="1.0" encoding="UTF-8"?>
<!-- Generated by org.testng.reporters.JUnitReportReporter -->
<testsuite hostname="Dakshagrithav" failures="0" tests="1" name="testCases.TC_001_AccountRegistration" time="5.433" errors="0" timestamp="2022-06-29T21:07:41 GMT+08:00" skipped="0">
  <testcase classname="testCases.TC_001_AccountRegistration" name="test_accout_Registration" time="5.433"/>
  <system-out/>
</testsuite> <!-- testCases.TC_001_AccountRegistration -->
