<?xml version="1.0" encoding="UTF-8"?>
<!-- Generated by org.testng.reporters.JUnitReportReporter -->
<testsuite hostname="Dakshagrithav" failures="0" tests="1" name="testCases.TC_002_Login" time="2.849" errors="0" timestamp="2022-07-01T20:32:28 GMT+08:00" skipped="0">
  <testcase classname="testCases.TC_002_Login" name="test_Login" time="2.849"/>
  <system-out/>
</testsuite> <!-- testCases.TC_002_Login -->
