<?xml version="1.0" encoding="UTF-8"?>
<!-- Generated by org.testng.reporters.JUnitReportReporter -->
<testsuite hostname="Dakshagrithav" failures="0" tests="1" name="testCases.TC_001_AccountRegistration" time="5.512" errors="0" timestamp="2022-07-01T20:32:28 GMT+08:00" skipped="0">
  <testcase classname="testCases.TC_001_AccountRegistration" name="test_accout_Registration" time="5.512"/>
  <system-out/>
</testsuite> <!-- testCases.TC_001_AccountRegistration -->
